2024-08-02 16:33:52,957 - INFO - Starting Chromium download.
2024-08-02 16:34:21,868 - INFO - Beginning extraction
2024-08-02 16:34:24,133 - INFO - Chromium extracted to: /home/apoorva/.local/share/pyppeteer/local-chromium/1181205
2024-08-02 16:34:24,439 - INFO - Browser listening on: ws://127.0.0.1:32867/devtools/browser/093fa33a-b3b5-4d3a-a9f0-287dfc4bb80e
2024-08-02 16:34:27,447 - INFO - Data extraction started...
2024-08-02 16:34:27,465 - INFO - Extracted model: iPad Pro 13 (2024), Link: https://www.gsmarena.com/apple_ipad_pro_13_(2024)-12987.php, Details: Apple iPad Pro 13 (2024) tablet. Announced May 2024. Features 13.0″  display, Apple M4 chipset, 10290 mAh battery, 2048 GB storage, 16 GB RAM, Scratch-resistant glass.
2024-08-02 16:34:27,465 - INFO - Extracted model: iPad Pro 11 (2024), Link: https://www.gsmarena.com/apple_ipad_pro_11_(2024)-12986.php, Details: Apple iPad Pro 11 (2024) tablet. Announced May 2024. Features 11.0″  display, Apple M4 chipset, 8160 mAh battery, 2048 GB storage, 16 GB RAM, Scratch-resistant glass.
2024-08-02 16:34:27,466 - INFO - Extracted model: iPad Air 13 (2024), Link: https://www.gsmarena.com/apple_ipad_air_13_(2024)-12985.php, Details: Apple iPad Air 13 (2024) tablet. Announced May 2024. Features 13.0″  display, Apple M2 chipset, 1024 GB storage, 8 GB RAM, Scratch-resistant glass.
2024-08-02 16:34:27,467 - INFO - Extracted model: iPad Air 11 (2024), Link: https://www.gsmarena.com/apple_ipad_air_11_(2024)-12984.php, Details: Apple iPad Air 11 (2024) tablet. Announced May 2024. Features 11.0″  display, Apple M2 chipset, 1024 GB storage, 8 GB RAM, Scratch-resistant glass.
2024-08-02 16:34:27,467 - INFO - Extracted model: iPhone 15 Pro Max, Link: https://www.gsmarena.com/apple_iphone_15_pro_max-12548.php, Details: Apple iPhone 15 Pro Max smartphone. Announced Sep 2023. Features 6.7″  display, Apple A17 Pro chipset, 4441 mAh battery, 1024 GB storage, 8 GB RAM, Ceramic Shield glass.
2024-08-02 16:34:27,468 - INFO - Extracted model: iPhone 15 Pro, Link: https://www.gsmarena.com/apple_iphone_15_pro-12557.php, Details: Apple iPhone 15 Pro smartphone. Announced Sep 2023. Features 6.1″  display, Apple A17 Pro chipset, 3274 mAh battery, 1024 GB storage, 8 GB RAM, Ceramic Shield glass.
2024-08-02 16:34:27,468 - INFO - Extracted model: iPhone 15 Plus, Link: https://www.gsmarena.com/apple_iphone_15_plus-12558.php, Details: Apple iPhone 15 Plus smartphone. Announced Sep 2023. Features 6.7″  display, Apple A16 Bionic chipset, 4383 mAh battery, 512 GB storage, 6 GB RAM, Ceramic Shield glass.
2024-08-02 16:34:27,468 - INFO - Extracted model: iPhone 15, Link: https://www.gsmarena.com/apple_iphone_15-12559.php, Details: Apple iPhone 15 smartphone. Announced Sep 2023. Features 6.1″  display, Apple A16 Bionic chipset, 3349 mAh battery, 512 GB storage, 6 GB RAM, Ceramic Shield glass.
2024-08-02 16:34:27,469 - INFO - Extracted model: Watch Ultra 2, Link: https://www.gsmarena.com/apple_watch_ultra_2-12560.php, Details: Apple Watch Ultra 2 watch. Announced Sep 2023. Features 1.92″  display, Apple S9 chipset, 564 mAh battery, 64 GB storage, MIL-STD 810H certified, Sapphire crystal glass.
2024-08-02 16:34:27,469 - INFO - Extracted model: Watch Series 9, Link: https://www.gsmarena.com/apple_watch_series_9-12561.php, Details: Apple Watch Series 9 watch. Announced Sep 2023. Features 1.9″  display, Apple S9 chipset, 308 mAh battery, 64 GB storage, IP6X certified, Sapphire crystal glass.
2024-08-02 16:34:27,470 - INFO - Extracted model: Watch Series 9 Aluminum, Link: https://www.gsmarena.com/apple_watch_series_9_aluminum-12562.php, Details: Apple Watch Series 9 Aluminum watch. Announced Sep 2023. Features 1.9″  display, Apple S9 chipset, 308 mAh battery, 64 GB storage, IP6X certified, Ion-X strengthened glass.
2024-08-02 16:34:27,470 - INFO - Extracted model: iPad Pro 12.9 (2022), Link: https://www.gsmarena.com/apple_ipad_pro_12_9_(2022)-11939.php, Details: Apple iPad Pro 12.9 (2022) tablet. Announced Oct 2022. Features 12.9″  display, Apple M2 chipset, 10758 mAh battery, 2048 GB storage, 16 GB RAM, Scratch-resistant glass.
2024-08-02 16:34:27,470 - INFO - Extracted model: iPad Pro 11 (2022), Link: https://www.gsmarena.com/apple_ipad_pro_11_(2022)-11940.php, Details: Apple iPad Pro 11 (2022) tablet. Announced Oct 2022. Features 11.0″  display, Apple M2 chipset, 7538 mAh battery, 2048 GB storage, 16 GB RAM, Scratch-resistant glass.
2024-08-02 16:34:27,471 - INFO - Extracted model: iPad (2022), Link: https://www.gsmarena.com/apple_ipad_(2022)-11941.php, Details: Apple iPad (2022) tablet. Announced Oct 2022. Features 10.9″  display, Apple A14 Bionic chipset, 7606 mAh battery, 256 GB storage, 4 GB RAM, Scratch-resistant glass.
2024-08-02 16:34:27,471 - INFO - Extracted model: iPhone 14 Pro Max, Link: https://www.gsmarena.com/apple_iphone_14_pro_max-11773.php, Details: Apple iPhone 14 Pro Max smartphone. Announced Sep 2022. Features 6.7″  display, Apple A16 Bionic chipset, 4323 mAh battery, 1024 GB storage, 6 GB RAM, Ceramic Shield glass.
2024-08-02 16:34:27,472 - INFO - Extracted model: iPhone 14 Pro, Link: https://www.gsmarena.com/apple_iphone_14_pro-11860.php, Details: Apple iPhone 14 Pro smartphone. Announced Sep 2022. Features 6.1″  display, Apple A16 Bionic chipset, 3200 mAh battery, 1024 GB storage, 6 GB RAM, Ceramic Shield glass.
2024-08-02 16:34:27,472 - INFO - Extracted model: iPhone 14 Plus, Link: https://www.gsmarena.com/apple_iphone_14_plus-11862.php, Details: Apple iPhone 14 Plus smartphone. Announced Sep 2022. Features 6.7″  display, Apple A15 Bionic chipset, 4323 mAh battery, 512 GB storage, 6 GB RAM, Ceramic Shield glass.
2024-08-02 16:34:27,472 - INFO - Extracted model: iPhone 14, Link: https://www.gsmarena.com/apple_iphone_14-11861.php, Details: Apple iPhone 14 smartphone. Announced Sep 2022. Features 6.1″  display, Apple A15 Bionic chipset, 3279 mAh battery, 512 GB storage, 6 GB RAM, Ceramic Shield glass.
2024-08-02 16:34:27,473 - INFO - Extracted model: Watch Ultra, Link: https://www.gsmarena.com/apple_watch_ultra-11827.php, Details: Apple Watch Ultra watch. Announced Sep 2022. Features 1.92″  display, Apple S8 chipset, 542 mAh battery, 32 GB storage, MIL-STD 810H certified, Sapphire crystal glass.
2024-08-02 16:34:27,473 - INFO - Extracted model: Watch Series 8, Link: https://www.gsmarena.com/apple_watch_series_8-11866.php, Details: Apple Watch Series 8 watch. Announced Sep 2022. Features 1.9″  display, Apple S8 chipset, 308 mAh battery, 32 GB storage, 1000 MB RAM, IP6X certified, Sapphire crystal glass.
2024-08-02 16:34:27,474 - INFO - Extracted model: Watch Series 8 Aluminum, Link: https://www.gsmarena.com/apple_watch_series_8_aluminum-11864.php, Details: Apple Watch Series 8 Aluminum watch. Announced Sep 2022. Features 1.9″  display, Apple S8 chipset, 308 mAh battery, 32 GB storage, 1000 MB RAM, IP6X certified, Ion-X strengthened glass.
2024-08-02 16:34:27,474 - INFO - Extracted model: Watch SE (2022), Link: https://www.gsmarena.com/apple_watch_se_(2022)-11865.php, Details: Apple Watch SE (2022) watch. Announced Sep 2022. Features 1.78″  display, Apple S8 chipset, 296 mAh battery, 32 GB storage, 1000 MB RAM, Ion-X strengthened glass.
2024-08-02 16:34:27,474 - INFO - Extracted model: iPhone SE (2022), Link: https://www.gsmarena.com/apple_iphone_se_(2022)-11410.php, Details: Apple iPhone SE (2022) smartphone. Announced Mar 2022. Features 4.7″  display, Apple A15 Bionic chipset, 2018 mAh battery, 256 GB storage, 4 GB RAM, Ion-strengthened glass.
2024-08-02 16:34:27,475 - INFO - Extracted model: iPad Air (2022), Link: https://www.gsmarena.com/apple_ipad_air_(2022)-11411.php, Details: Apple iPad Air (2022) tablet. Announced Mar 2022. Features 10.9″  display, Apple M1 chipset, 256 GB storage, 8 GB RAM, Scratch-resistant glass.
2024-08-02 16:34:27,475 - INFO - Extracted model: iPhone 13 Pro Max, Link: https://www.gsmarena.com/apple_iphone_13_pro_max-11089.php, Details: Apple iPhone 13 Pro Max smartphone. Announced Sep 2021. Features 6.7″  display, Apple A15 Bionic chipset, 4352 mAh battery, 1024 GB storage, 6 GB RAM, Ceramic Shield glass.
2024-08-02 16:34:27,476 - INFO - Extracted model: iPhone 13 Pro, Link: https://www.gsmarena.com/apple_iphone_13_pro-11102.php, Details: Apple iPhone 13 Pro smartphone. Announced Sep 2021. Features 6.1″  display, Apple A15 Bionic chipset, 3095 mAh battery, 1024 GB storage, 6 GB RAM, Ceramic Shield glass.
2024-08-02 16:34:27,476 - INFO - Extracted model: iPhone 13, Link: https://www.gsmarena.com/apple_iphone_13-11103.php, Details: Apple iPhone 13 smartphone. Announced Sep 2021. Features 6.1″  display, Apple A15 Bionic chipset, 3240 mAh battery, 512 GB storage, 4 GB RAM, Ceramic Shield glass.
2024-08-02 16:34:27,476 - INFO - Extracted model: iPhone 13 mini, Link: https://www.gsmarena.com/apple_iphone_13_mini-11104.php, Details: Apple iPhone 13 mini smartphone. Announced Sep 2021. Features 5.4″  display, Apple A15 Bionic chipset, 2438 mAh battery, 512 GB storage, 4 GB RAM, Ceramic Shield glass.
2024-08-02 16:34:27,477 - INFO - Extracted model: iPad mini (2021), Link: https://www.gsmarena.com/apple_ipad_mini_(2021)-11105.php, Details: Apple iPad mini (2021) tablet. Announced Sep 2021. Features 8.3″  display, Apple A15 Bionic chipset, 256 GB storage, 4 GB RAM, Scratch-resistant glass.
2024-08-02 16:34:27,477 - INFO - Extracted model: iPad 10.2 (2021), Link: https://www.gsmarena.com/apple_ipad_10_2_(2021)-11106.php, Details: Apple iPad 10.2 (2021) tablet. Announced Sep 2021. Features 10.2″  display, Apple A13 Bionic chipset, 8557 mAh battery, 256 GB storage, 3 GB RAM, Scratch-resistant glass.
2024-08-02 16:34:27,478 - INFO - Extracted model: Watch Edition Series 7, Link: https://www.gsmarena.com/apple_watch_edition_series_7-11147.php, Details: Apple Watch Edition Series 7 watch. Announced Sep 2021. Features 1.9″  display, Apple S7 chipset, 309 mAh battery, 32 GB storage, 1000 MB RAM, IP6X certified, Sapphire crystal glass.
2024-08-02 16:34:27,478 - INFO - Extracted model: Watch Series 7, Link: https://www.gsmarena.com/apple_watch_series_7-11146.php, Details: Apple Watch Series 7 watch. Announced Sep 2021. Features 1.9″  display, Apple S7 chipset, 309 mAh battery, 32 GB storage, 1000 MB RAM, IP6X certified, Sapphire crystal glass.
2024-08-02 16:34:27,478 - INFO - Extracted model: Watch Series 7 Aluminum, Link: https://www.gsmarena.com/apple_watch_series_7_aluminum-11107.php, Details: Apple Watch Series 7 Aluminum watch. Announced Sep 2021. Features 1.9″  display, Apple S7 chipset, 309 mAh battery, 32 GB storage, 1000 MB RAM, IP6X certified, Ion-X strengthened glass.
2024-08-02 16:34:27,479 - INFO - Extracted model: iPad Pro 12.9 (2021), Link: https://www.gsmarena.com/apple_ipad_pro_12_9_(2021)-10864.php, Details: Apple iPad Pro 12.9 (2021) tablet. Announced Apr 2021. Features 12.9″  display, Apple M1 chipset, 10758 mAh battery, 2048 GB storage, 16 GB RAM, Scratch-resistant glass.
2024-08-02 16:34:27,479 - INFO - Extracted model: iPad Pro 11 (2021), Link: https://www.gsmarena.com/apple_ipad_pro_11_(2021)-10865.php, Details: Apple iPad Pro 11 (2021) tablet. Announced Apr 2021. Features 11.0″  display, Apple M1 chipset, 7538 mAh battery, 2048 GB storage, 16 GB RAM, Scratch-resistant glass.
2024-08-02 16:34:27,480 - INFO - Extracted model: iPhone 12 Pro Max, Link: https://www.gsmarena.com/apple_iphone_12_pro_max-10237.php, Details: Apple iPhone 12 Pro Max smartphone. Announced Oct 2020. Features 6.7″  display, Apple A14 Bionic chipset, 3687 mAh battery, 512 GB storage, 6 GB RAM, Ceramic Shield glass.
2024-08-02 16:34:27,480 - INFO - Extracted model: iPhone 12 Pro, Link: https://www.gsmarena.com/apple_iphone_12_pro-10508.php, Details: Apple iPhone 12 Pro smartphone. Announced Oct 2020. Features 6.1″  display, Apple A14 Bionic chipset, 2815 mAh battery, 512 GB storage, 6 GB RAM, Ceramic Shield glass.
2024-08-02 16:34:27,480 - INFO - Extracted model: iPhone 12, Link: https://www.gsmarena.com/apple_iphone_12-10509.php, Details: Apple iPhone 12 smartphone. Announced Oct 2020. Features 6.1″  display, Apple A14 Bionic chipset, 2815 mAh battery, 256 GB storage, 4 GB RAM, Ceramic Shield glass.
2024-08-02 16:34:27,481 - INFO - Extracted model: iPhone 12 mini, Link: https://www.gsmarena.com/apple_iphone_12_mini-10510.php, Details: Apple iPhone 12 mini smartphone. Announced Oct 2020. Features 5.4″  display, Apple A14 Bionic chipset, 2227 mAh battery, 256 GB storage, 4 GB RAM, Ceramic Shield glass.
2024-08-02 16:34:27,481 - INFO - Extracted model: iPad Air (2020), Link: https://www.gsmarena.com/apple_ipad_air_(2020)-10444.php, Details: Apple iPad Air (2020) tablet. Announced Sep 2020. Features 10.9″  display, Apple A14 Bionic chipset, 7606 mAh battery, 256 GB storage, 4 GB RAM, Scratch-resistant glass.
2024-08-02 16:34:27,481 - INFO - Extracted model: iPad 10.2 (2020), Link: https://www.gsmarena.com/apple_ipad_10_2_(2020)-10445.php, Details: Apple iPad 10.2 (2020) tablet. Announced Sep 2020. Features 10.2″  display, Apple A12 Bionic chipset, 128 GB storage, 3 GB RAM, Scratch-resistant glass.
2024-08-02 16:34:27,482 - INFO - Extracted model: Watch SE, Link: https://www.gsmarena.com/apple_watch_se-10446.php, Details: Apple Watch SE watch. Announced Sep 2020. Features 1.78″  display, Apple S5 chipset, 32 GB storage, 1000 MB RAM, Ion-X strengthened glass.
2024-08-02 16:34:27,482 - INFO - Extracted model: Watch Series 6 Aluminum, Link: https://www.gsmarena.com/apple_watch_series_6_aluminum-10447.php, Details: Apple Watch Series 6 Aluminum watch. Announced Sep 2020. Features 1.78″  display, Apple S6 chipset, 304 mAh battery, 32 GB storage, 1000 MB RAM, Ion-X strengthened glass.
2024-08-02 16:34:27,483 - INFO - Extracted model: Watch Series 6, Link: https://www.gsmarena.com/apple_watch_series_6-10448.php, Details: Apple Watch Series 6 watch. Announced Sep 2020. Features 1.78″  display, Apple S6 chipset, 304 mAh battery, 32 GB storage, 1000 MB RAM, Sapphire crystal glass.
2024-08-02 16:34:27,483 - INFO - Extracted model: Watch Edition Series 6, Link: https://www.gsmarena.com/apple_watch_edition_series_6-10449.php, Details: Apple Watch Edition Series 6 watch. Announced Sep 2020. Features 1.78″  display, Apple S6 chipset, 304 mAh battery, 32 GB storage, 1000 MB RAM, Sapphire crystal glass.
2024-08-02 16:34:27,483 - INFO - Extracted model: iPhone SE (2020), Link: https://www.gsmarena.com/apple_iphone_se_(2020)-10170.php, Details: Apple iPhone SE (2020) smartphone. Announced Apr 2020. Features 4.7″  display, Apple A13 Bionic chipset, 1821 mAh battery, 256 GB storage, 3 GB RAM, Ion-strengthened glass.
2024-08-02 16:34:27,484 - INFO - Extracted model: iPad Pro 12.9 (2020), Link: https://www.gsmarena.com/apple_ipad_pro_12_9_(2020)-10136.php, Details: Apple iPad Pro 12.9 (2020) tablet. Announced Mar 2020. Features 12.9″  display, Apple A12Z Bionic chipset, 9720 mAh battery, 1024 GB storage, 6 GB RAM, Scratch-resistant glass.
2024-08-02 16:34:27,484 - INFO - Extracted model: iPad Pro 11 (2020), Link: https://www.gsmarena.com/apple_ipad_pro_11_(2020)-10137.php, Details: Apple iPad Pro 11 (2020) tablet. Announced Mar 2020. Features 11.0″  display, Apple A12Z Bionic chipset, 1024 GB storage, 6 GB RAM, Scratch-resistant glass.
2024-08-02 16:34:27,485 - INFO - Extracted model: iPhone 11 Pro Max, Link: https://www.gsmarena.com/apple_iphone_11_pro_max-9846.php, Details: Apple iPhone 11 Pro Max smartphone. Announced Sep 2019. Features 6.5″  display, Apple A13 Bionic chipset, 3969 mAh battery, 512 GB storage, 4 GB RAM, Scratch-resistant glass.
2024-08-02 16:34:27,485 - INFO - Extracted model: iPhone 11 Pro, Link: https://www.gsmarena.com/apple_iphone_11_pro-9847.php, Details: Apple iPhone 11 Pro smartphone. Announced Sep 2019. Features 5.8″  display, Apple A13 Bionic chipset, 3046 mAh battery, 512 GB storage, 4 GB RAM, Scratch-resistant glass.
2024-08-02 16:34:27,614 - INFO - Data extraction completed and saved to files.
2024-08-02 16:34:27,615 - INFO - terminate chrome process...
